<?xml version="1.0" encoding="UTF-8"?>
<testsuite name="com.awsspringboot.book.domin.posts.PostsRepositoryTest" tests="1" skipped="0" failures="0" errors="0" timestamp="2021-02-08T15:04:28" hostname="SangJinui-MacBookPro.local" time="0.294">
  <properties/>
  <testcase name="게시글저장_불러오기" classname="com.awsspringboot.book.domin.posts.PostsRepositoryTest" time="0.294"/>
  <system-out><![CDATA[00:04:24.641 [Test worker] DEBUG org.springframework.test.context.junit4.SpringJUnit4ClassRunner - SpringJUnit4ClassRunner constructor called with [class com.awsspringboot.book.domin.posts.PostsRepositoryTest]
00:04:24.651 [Test worker] DEBUG org.springframework.test.context.BootstrapUtils - Instantiating CacheAwareContextLoaderDelegate from class [org.springframework.test.context.cache.DefaultCacheAwareContextLoaderDelegate]
00:04:24.659 [Test worker] DEBUG org.springframework.test.context.BootstrapUtils - Instantiating BootstrapContext using constructor [public org.springframework.test.context.support.DefaultBootstrapContext(java.lang.Class,org.springframework.test.context.CacheAwareContextLoaderDelegate)]
00:04:24.673 [Test worker] DEBUG org.springframework.test.context.BootstrapUtils - Instantiating TestContextBootstrapper for test class [com.awsspringboot.book.domin.posts.PostsRepositoryTest] from class [org.springframework.boot.test.context.SpringBootTestContextBootstrapper]
00:04:24.683 [Test worker] INFO org.springframework.boot.test.context.SpringBootTestContextBootstrapper - Neither @ContextConfiguration nor @ContextHierarchy found for test class [com.awsspringboot.book.domin.posts.PostsRepositoryTest], using SpringBootContextLoader
00:04:24.685 [Test worker] DEBUG org.springframework.test.context.support.AbstractContextLoader - Did not detect default resource location for test class [com.awsspringboot.book.domin.posts.PostsRepositoryTest]: class path resource [com/awsspringboot/book/domin/posts/PostsRepositoryTest-context.xml] does not exist
00:04:24.686 [Test worker] DEBUG org.springframework.test.context.support.AbstractContextLoader - Did not detect default resource location for test class [com.awsspringboot.book.domin.posts.PostsRepositoryTest]: class path resource [com/awsspringboot/book/domin/posts/PostsRepositoryTestContext.groovy] does not exist
00:04:24.686 [Test worker] INFO org.springframework.test.context.support.AbstractContextLoader - Could not detect default resource locations for test class [com.awsspringboot.book.domin.posts.PostsRepositoryTest]: no resource found for suffixes {-context.xml, Context.groovy}.
00:04:24.687 [Test worker] INFO org.springframework.test.context.support.AnnotationConfigContextLoaderUtils - Could not detect default configuration classes for test class [com.awsspringboot.book.domin.posts.PostsRepositoryTest]: PostsRepositoryTest does not declare any static, non-private, non-final, nested classes annotated with @Configuration.
00:04:24.721 [Test worker] DEBUG org.springframework.test.context.support.ActiveProfilesUtils - Could not find an 'annotation declaring class' for annotation type [org.springframework.test.context.ActiveProfiles] and class [com.awsspringboot.book.domin.posts.PostsRepositoryTest]
00:04:24.786 [Test worker] DEBUG org.springframework.context.annotation.ClassPathScanningCandidateComponentProvider - Identified candidate component class: file [/Users/sangjin/awsspingboot/build/classes/java/main/com/awsspringboot/book/Application.class]
00:04:24.787 [Test worker] INFO org.springframework.boot.test.context.SpringBootTestContextBootstrapper - Found @SpringBootConfiguration com.awsspringboot.book.Application for test class com.awsspringboot.book.domin.posts.PostsRepositoryTest
00:04:24.870 [Test worker] DEBUG org.springframework.boot.test.context.SpringBootTestContextBootstrapper - @TestExecutionListeners is not present for class [com.awsspringboot.book.domin.posts.PostsRepositoryTest]: using defaults.
00:04:24.871 [Test worker] INFO org.springframework.boot.test.context.SpringBootTestContextBootstrapper - Loaded default TestExecutionListener class names from location [META-INF/spring.factories]: [org.springframework.boot.test.autoconfigure.restdocs.RestDocsTestExecutionListener, org.springframework.boot.test.autoconfigure.web.client.MockRestServiceServerResetTestExecutionListener, org.springframework.boot.test.autoconfigure.web.servlet.MockMvcPrintOnlyOnFailureTestExecutionListener, org.springframework.boot.test.autoconfigure.web.servlet.WebDriverTestExecutionListener, org.springframework.boot.test.mock.mockito.MockitoTestExecutionListener, org.springframework.boot.test.mock.mockito.ResetMocksTestExecutionListener, org.springframework.test.context.web.ServletTestExecutionListener, org.springframework.test.context.support.DirtiesContextBeforeModesTestExecutionListener, org.springframework.test.context.support.DependencyInjectionTestExecutionListener, org.springframework.test.context.support.DirtiesContextTestExecutionListener, org.springframework.test.context.transaction.TransactionalTestExecutionListener, org.springframework.test.context.jdbc.SqlScriptsTestExecutionListener]
00:04:24.887 [Test worker] INFO org.springframework.boot.test.context.SpringBootTestContextBootstrapper - Using TestExecutionListeners: [org.springframework.test.context.web.ServletTestExecutionListener@78e9dc6d, org.springframework.test.context.support.DirtiesContextBeforeModesTestExecutionListener@276d6ca4, org.springframework.boot.test.mock.mockito.MockitoTestExecutionListener@35f69803, org.springframework.boot.test.autoconfigure.SpringBootDependencyInjectionTestExecutionListener@7fdebea9, org.springframework.test.context.support.DirtiesContextTestExecutionListener@49620f8b, org.springframework.test.context.transaction.TransactionalTestExecutionListener@526524f, org.springframework.test.context.jdbc.SqlScriptsTestExecutionListener@491f468, org.springframework.boot.test.autoconfigure.restdocs.RestDocsTestExecutionListener@e3029a5, org.springframework.boot.test.autoconfigure.web.client.MockRestServiceServerResetTestExecutionListener@57f771bf, org.springframework.boot.test.autoconfigure.web.servlet.MockMvcPrintOnlyOnFailureTestExecutionListener@60f4e524, org.springframework.boot.test.autoconfigure.web.servlet.WebDriverTestExecutionListener@6b4d7fe6, org.springframework.boot.test.mock.mockito.ResetMocksTestExecutionListener@643f0e2b]
00:04:24.890 [Test worker] DEBUG org.springframework.test.annotation.ProfileValueUtils - Retrieved @ProfileValueSourceConfiguration [null] for test class [com.awsspringboot.book.domin.posts.PostsRepositoryTest]
00:04:24.891 [Test worker] DEBUG org.springframework.test.annotation.ProfileValueUtils - Retrieved ProfileValueSource type [class org.springframework.test.annotation.SystemProfileValueSource] for class [com.awsspringboot.book.domin.posts.PostsRepositoryTest]
00:04:24.894 [Test worker] DEBUG org.springframework.test.annotation.ProfileValueUtils - Retrieved @ProfileValueSourceConfiguration [null] for test class [com.awsspringboot.book.domin.posts.PostsRepositoryTest]
00:04:24.894 [Test worker] DEBUG org.springframework.test.annotation.ProfileValueUtils - Retrieved ProfileValueSource type [class org.springframework.test.annotation.SystemProfileValueSource] for class [com.awsspringboot.book.domin.posts.PostsRepositoryTest]
00:04:24.895 [Test worker] DEBUG org.springframework.test.annotation.ProfileValueUtils - Retrieved @ProfileValueSourceConfiguration [null] for test class [com.awsspringboot.book.domin.posts.PostsRepositoryTest]
00:04:24.895 [Test worker] DEBUG org.springframework.test.annotation.ProfileValueUtils - Retrieved ProfileValueSource type [class org.springframework.test.annotation.SystemProfileValueSource] for class [com.awsspringboot.book.domin.posts.PostsRepositoryTest]
00:04:24.898 [Test worker] DEBUG org.springframework.test.context.support.AbstractDirtiesContextTestExecutionListener - Before test class: context [DefaultTestContext@55a65f80 testClass = PostsRepositoryTest, testInstance = [null], testMethod = [null], testException = [null], mergedContextConfiguration = [WebMergedContextConfiguration@48d22817 testClass = PostsRepositoryTest, locations = '{}', classes = '{class com.awsspringboot.book.Application}', contextInitializerClasses = '[]', activeProfiles = '{}', propertySourceLocations = '{}', propertySourceProperties = '{org.springframework.boot.test.context.SpringBootTestContextBootstrapper=true}', contextCustomizers = set[org.springframework.boot.test.autoconfigure.properties.PropertyMappingContextCustomizer@0, org.springframework.boot.test.autoconfigure.web.servlet.WebDriverContextCustomizerFactory$Customizer@46c62b85, org.springframework.boot.test.context.filter.ExcludeFilterContextCustomizer@20fccf48, org.springframework.boot.test.json.DuplicateJsonObjectContextCustomizerFactory$DuplicateJsonObjectContextCustomizer@259bd7e1, org.springframework.boot.test.mock.mockito.MockitoContextCustomizer@0, org.springframework.boot.test.web.client.TestRestTemplateContextCustomizer@65481eac], resourceBasePath = 'src/main/webapp', contextLoader = 'org.springframework.boot.test.context.SpringBootContextLoader', parent = [null]], attributes = map['org.springframework.test.context.web.ServletTestExecutionListener.activateListener' -> true]], class annotated with @DirtiesContext [false] with mode [null].
00:04:24.898 [Test worker] DEBUG org.springframework.test.annotation.ProfileValueUtils - Retrieved @ProfileValueSourceConfiguration [null] for test class [com.awsspringboot.book.domin.posts.PostsRepositoryTest]
00:04:24.898 [Test worker] DEBUG org.springframework.test.annotation.ProfileValueUtils - Retrieved ProfileValueSource type [class org.springframework.test.annotation.SystemProfileValueSource] for class [com.awsspringboot.book.domin.posts.PostsRepositoryTest]
00:04:24.919 [Test worker] DEBUG org.springframework.test.context.support.TestPropertySourceUtils - Adding inlined properties to environment: {spring.jmx.enabled=false, org.springframework.boot.test.context.SpringBootTestContextBootstrapper=true, server.port=-1}

  .   ____          _            __ _ _
 /\\ / ___'_ __ _ _(_)_ __  __ _ \ \ \ \
( ( )\___ | '_ | '_| | '_ \/ _` | \ \ \ \
 \\/  ___)| |_)| | | | | || (_| |  ) ) ) )
  '  |____| .__|_| |_|_| |_\__, | / / / /
 =========|_|==============|___/=/_/_/_/
 :: Spring Boot ::        (v2.1.7.RELEASE)

2021-02-09 00:04:25.163  INFO 15728 --- [    Test worker] c.a.b.domin.posts.PostsRepositoryTest    : Starting PostsRepositoryTest on SangJinui-MacBookPro.local with PID 15728 (started by sangjin in /Users/sangjin/awsspingboot)
2021-02-09 00:04:25.164  INFO 15728 --- [    Test worker] c.a.b.domin.posts.PostsRepositoryTest    : No active profile set, falling back to default profiles: default
2021-02-09 00:04:25.650  INFO 15728 --- [    Test worker] .s.d.r.c.RepositoryConfigurationDelegate : Bootstrapping Spring Data repositories in DEFAULT mode.
2021-02-09 00:04:25.715  INFO 15728 --- [    Test worker] .s.d.r.c.RepositoryConfigurationDelegate : Finished Spring Data repository scanning in 57ms. Found 1 repository interfaces.
2021-02-09 00:04:26.012  INFO 15728 --- [    Test worker] trationDelegate$BeanPostProcessorChecker : Bean 'org.springframework.transaction.annotation.ProxyTransactionManagementConfiguration' of type [org.springframework.transaction.annotation.ProxyTransactionManagementConfiguration$$EnhancerBySpringCGLIB$$df2735e] is not eligible for getting processed by all BeanPostProcessors (for example: not eligible for auto-proxying)
2021-02-09 00:04:26.163  INFO 15728 --- [    Test worker] com.zaxxer.hikari.HikariDataSource       : HikariPool-1 - Starting...
2021-02-09 00:04:26.290  INFO 15728 --- [    Test worker] com.zaxxer.hikari.HikariDataSource       : HikariPool-1 - Start completed.
2021-02-09 00:04:26.364  INFO 15728 --- [    Test worker] o.hibernate.jpa.internal.util.LogHelper  : HHH000204: Processing PersistenceUnitInfo [
	name: default
	...]
2021-02-09 00:04:26.429  INFO 15728 --- [    Test worker] org.hibernate.Version                    : HHH000412: Hibernate Core {5.3.10.Final}
2021-02-09 00:04:26.430  INFO 15728 --- [    Test worker] org.hibernate.cfg.Environment            : HHH000206: hibernate.properties not found
2021-02-09 00:04:26.593  INFO 15728 --- [    Test worker] o.hibernate.annotations.common.Version   : HCANN000001: Hibernate Commons Annotations {5.0.4.Final}
2021-02-09 00:04:26.715  INFO 15728 --- [    Test worker] org.hibernate.dialect.Dialect            : HHH000400: Using dialect: org.hibernate.dialect.H2Dialect
2021-02-09 00:04:27.236  INFO 15728 --- [    Test worker] o.h.t.schema.internal.SchemaCreatorImpl  : HHH000476: Executing import script 'org.hibernate.tool.schema.internal.exec.ScriptSourceInputNonExistentImpl@66479081'
2021-02-09 00:04:27.239  INFO 15728 --- [    Test worker] j.LocalContainerEntityManagerFactoryBean : Initialized JPA EntityManagerFactory for persistence unit 'default'
2021-02-09 00:04:27.923  INFO 15728 --- [    Test worker] o.s.s.concurrent.ThreadPoolTaskExecutor  : Initializing ExecutorService 'applicationTaskExecutor'
2021-02-09 00:04:27.966  WARN 15728 --- [    Test worker] aWebConfiguration$JpaWebMvcConfiguration : spring.jpa.open-in-view is enabled by default. Therefore, database queries may be performed during view rendering. Explicitly configure spring.jpa.open-in-view to disable this warning
2021-02-09 00:04:28.200  INFO 15728 --- [    Test worker] c.a.b.domin.posts.PostsRepositoryTest    : Started PostsRepositoryTest in 3.265 seconds (JVM running for 4.118)
2021-02-09 00:04:28.380  INFO 15728 --- [    Test worker] o.h.h.i.QueryTranslatorFactoryInitiator  : HHH000397: Using ASTQueryTranslatorFactory
]]></system-out>
  <system-err><![CDATA[]]></system-err>
</testsuite>
